# JRE version: OpenJDK Runtime Environment (7.0_75-b13) (build 1.7.0_75-b13)
# Java VM: OpenJDK 64-Bit Server VM (24.75-b04 mixed mode linux-amd64 compressed oops)
Heap
 PSYoungGen      total 23040K, used 4776K [0x00000000ece80000, 0x00000000eef80000, 0x0000000100000000)
  eden space 22528K, 20% used [0x00000000ece80000,0x00000000ed2f22a0,0x00000000ee480000)
  from space 512K, 43% used [0x00000000eef00000,0x00000000eef38000,0x00000000eef80000)
  to   space 2048K, 0% used [0x00000000eeb80000,0x00000000eeb80000,0x00000000eed80000)
 ParOldGen       total 38912K, used 27240K [0x00000000c6c00000, 0x00000000c9200000, 0x00000000ece80000)
  object space 38912K, 70% used [0x00000000c6c00000,0x00000000c869a148,0x00000000c9200000)
 PSPermGen       total 27136K, used 26713K [0x00000000bc600000, 0x00000000be080000, 0x00000000c6c00000)
  object space 27136K, 98% used [0x00000000bc600000,0x00000000be016530,0x00000000be080000)
GC Heap History (10 events):
Event: 722,476 GC heap before
{Heap before GC invocations=40 (full 0):
 PSYoungGen      total 27648K, used 25312K [0x00000000ece80000, 0x00000000ef480000, 0x0000000100000000)
  eden space 25088K, 100% used [0x00000000ece80000,0x00000000ee700000,0x00000000ee700000)
  from space 2560K, 8% used [0x00000000eef80000,0x00000000eefb8000,0x00000000ef200000)
  to   space 2560K, 0% used [0x00000000ef200000,0x00000000ef200000,0x00000000ef480000)
 ParOldGen       total 38912K, used 26612K [0x00000000c6c00000, 0x00000000c9200000, 0x00000000ece80000)
  object space 38912K, 68% used [0x00000000c6c00000,0x00000000c85fd298,0x00000000c9200000)
 PSPermGen       total 27136K, used 26708K [0x00000000bc600000, 0x00000000be080000, 0x00000000c6c00000)
  object space 27136K, 98% used [0x00000000bc600000,0x00000000be015068,0x00000000be080000)
Event: 722,481 GC heap after
Heap after GC invocations=40 (full 0):
 PSYoungGen      total 25088K, used 256K [0x00000000ece80000, 0x00000000ef280000, 0x0000000100000000)
  eden space 24576K, 0% used [0x00000000ece80000,0x00000000ece80000,0x00000000ee680000)
  from space 512K, 50% used [0x00000000ef200000,0x00000000ef240000,0x00000000ef280000)
  to   space 2560K, 0% used [0x00000000eed80000,0x00000000eed80000,0x00000000ef000000)
 ParOldGen       total 38912K, used 26732K [0x00000000c6c00000, 0x00000000c9200000, 0x00000000ece80000)
  object space 38912K, 68% used [0x00000000c6c00000,0x00000000c861b298,0x00000000c9200000)
 PSPermGen       total 27136K, used 26708K [0x00000000bc600000, 0x00000000be080000, 0x00000000c6c00000)
  object space 27136K, 98% used [0x00000000bc600000,0x00000000be015068,0x00000000be080000)
}
Event: 735,606 GC heap before
{Heap before GC invocations=41 (full 0):
 PSYoungGen      total 25088K, used 24832K [0x00000000ece80000, 0x00000000ef280000, 0x0000000100000000)
  eden space 24576K, 100% used [0x00000000ece80000,0x00000000ee680000,0x00000000ee680000)
  from space 512K, 50% used [0x00000000ef200000,0x00000000ef240000,0x00000000ef280000)
  to   space 2560K, 0% used [0x00000000eed80000,0x00000000eed80000,0x00000000ef000000)
 ParOldGen       total 38912K, used 26732K [0x00000000c6c00000, 0x00000000c9200000, 0x00000000ece80000)
  object space 38912K, 68% used [0x00000000c6c00000,0x00000000c861b298,0x00000000c9200000)
 PSPermGen       total 27136K, used 26709K [0x00000000bc600000, 0x00000000be080000, 0x00000000c6c00000)
  object space 27136K, 98% used [0x00000000bc600000,0x00000000be0155d0,0x00000000be080000)
Event: 735,609 GC heap after
Heap after GC invocations=41 (full 0):
 PSYoungGen      total 26624K, used 320K [0x00000000ece80000, 0x00000000ef280000, 0x0000000100000000)
  eden space 24064K, 0% used [0x00000000ece80000,0x00000000ece80000,0x00000000ee600000)
  from space 2560K, 12% used [0x00000000eed80000,0x00000000eedd0000,0x00000000ef000000)
  to   space 2048K, 0% used [0x00000000ef080000,0x00000000ef080000,0x00000000ef280000)
 ParOldGen       total 38912K, used 26868K [0x00000000c6c00000, 0x00000000c9200000, 0x00000000ece80000)
  object space 38912K, 69% used [0x00000000c6c00000,0x00000000c863d298,0x00000000c9200000)
 PSPermGen       total 27136K, used 26709K [0x00000000bc600000, 0x00000000be080000, 0x00000000c6c00000)
  object space 27136K, 98% used [0x00000000bc600000,0x00000000be0155d0,0x00000000be080000)
}
Event: 748,031 GC heap before
{Heap before GC invocations=42 (full 0):
 PSYoungGen      total 26624K, used 24384K [0x00000000ece80000, 0x00000000ef280000, 0x0000000100000000)
  eden space 24064K, 100% used [0x00000000ece80000,0x00000000ee600000,0x00000000ee600000)
  from space 2560K, 12% used [0x00000000eed80000,0x00000000eedd0000,0x00000000ef000000)
  to   space 2048K, 0% used [0x00000000ef080000,0x00000000ef080000,0x00000000ef280000)
 ParOldGen       total 38912K, used 26868K [0x00000000c6c00000, 0x00000000c9200000, 0x00000000ece80000)
  object space 38912K, 69% used [0x00000000c6c00000,0x00000000c863d298,0x00000000c9200000)
 PSPermGen       total 27136K, used 26709K [0x00000000bc600000, 0x00000000be080000, 0x00000000c6c00000)
  object space 27136K, 98% used [0x00000000bc600000,0x00000000be015720,0x00000000be080000)
Event: 748,034 GC heap after
Heap after GC invocations=42 (full 0):
 PSYoungGen      total 24064K, used 256K [0x00000000ece80000, 0x00000000ef100000, 0x0000000100000000)
  eden space 23552K, 0% used [0x00000000ece80000,0x00000000ece80000,0x00000000ee580000)
  from space 512K, 50% used [0x00000000ef080000,0x00000000ef0c0000,0x00000000ef100000)
  to   space 2048K, 0% used [0x00000000eed00000,0x00000000eed00000,0x00000000eef00000)
 ParOldGen       total 38912K, used 27008K [0x00000000c6c00000, 0x00000000c9200000, 0x00000000ece80000)
  object space 38912K, 69% used [0x00000000c6c00000,0x00000000c8660148,0x00000000c9200000)
 PSPermGen       total 27136K, used 26709K [0x00000000bc600000, 0x00000000be080000, 0x00000000c6c00000)
  object space 27136K, 98% used [0x00000000bc600000,0x00000000be015720,0x00000000be080000)
}
Event: 760,507 GC heap before
{Heap before GC invocations=43 (full 0):
 PSYoungGen      total 24064K, used 23808K [0x00000000ece80000, 0x00000000ef100000, 0x0000000100000000)
  eden space 23552K, 100% used [0x00000000ece80000,0x00000000ee580000,0x00000000ee580000)
  from space 512K, 50% used [0x00000000ef080000,0x00000000ef0c0000,0x00000000ef100000)
  to   space 2048K, 0% used [0x00000000eed00000,0x00000000eed00000,0x00000000eef00000)
 ParOldGen       total 38912K, used 27008K [0x00000000c6c00000, 0x00000000c9200000, 0x00000000ece80000)
  object space 38912K, 69% used [0x00000000c6c00000,0x00000000c8660148,0x00000000c9200000)
 PSPermGen       total 27136K, used 26709K [0x00000000bc600000, 0x00000000be080000, 0x00000000c6c00000)
  object space 27136K, 98% used [0x00000000bc600000,0x00000000be015720,0x00000000be080000)
Event: 760,510 GC heap after
Heap after GC invocations=43 (full 0):
 PSYoungGen      total 25088K, used 256K [0x00000000ece80000, 0x00000000ef100000, 0x0000000100000000)
  eden space 23040K, 0% used [0x00000000ece80000,0x00000000ece80000,0x00000000ee500000)
  from space 2048K, 12% used [0x00000000eed00000,0x00000000eed40000,0x00000000eef00000)
  to   space 2048K, 0% used [0x00000000eef00000,0x00000000eef00000,0x00000000ef100000)
 ParOldGen       total 38912K, used 27128K [0x00000000c6c00000, 0x00000000c9200000, 0x00000000ece80000)
  object space 38912K, 69% used [0x00000000c6c00000,0x00000000c867e148,0x00000000c9200000)
 PSPermGen       total 27136K, used 26709K [0x00000000bc600000, 0x00000000be080000, 0x00000000c6c00000)
  object space 27136K, 98% used [0x00000000bc600000,0x00000000be015720,0x00000000be080000)
}
Event: 772,884 GC heap before
{Heap before GC invocations=44 (full 0):
 PSYoungGen      total 25088K, used 23296K [0x00000000ece80000, 0x00000000ef100000, 0x0000000100000000)
  eden space 23040K, 100% used [0x00000000ece80000,0x00000000ee500000,0x00000000ee500000)
  from space 2048K, 12% used [0x00000000eed00000,0x00000000eed40000,0x00000000eef00000)
  to   space 2048K, 0% used [0x00000000eef00000,0x00000000eef00000,0x00000000ef100000)
 ParOldGen       total 38912K, used 27128K [0x00000000c6c00000, 0x00000000c9200000, 0x00000000ece80000)
  object space 38912K, 69% used [0x00000000c6c00000,0x00000000c867e148,0x00000000c9200000)
 PSPermGen       total 27136K, used 26710K [0x00000000bc600000, 0x00000000be080000, 0x00000000c6c00000)
  object space 27136K, 98% used [0x00000000bc600000,0x00000000be0158b0,0x00000000be080000)
Event: 772,888 GC heap after
Heap after GC invocations=44 (full 0):
 PSYoungGen      total 23040K, used 224K [0x00000000ece80000, 0x00000000eef80000, 0x0000000100000000)
  eden space 22528K, 0% used [0x00000000ece80000,0x00000000ece80000,0x00000000ee480000)
  from space 512K, 43% used [0x00000000eef00000,0x00000000eef38000,0x00000000eef80000)
  to   space 2048K, 0% used [0x00000000eeb80000,0x00000000eeb80000,0x00000000eed80000)
 ParOldGen       total 38912K, used 27240K [0x00000000c6c00000, 0x00000000c9200000, 0x00000000ece80000)
  object space 38912K, 70% used [0x00000000c6c00000,0x00000000c869a148,0x00000000c9200000)
 PSPermGen       total 27136K, used 26710K [0x00000000bc600000, 0x00000000be080000, 0x00000000c6c00000)
  object space 27136K, 98% used [0x00000000bc600000,0x00000000be0158b0,0x00000000be080000)
}

