# JRE version: OpenJDK Runtime Environment (7.0_75-b13) (build 1.7.0_75-b13)
# Java VM: OpenJDK 64-Bit Server VM (24.75-b04 mixed mode linux-amd64 compressed oops)
Heap
 PSYoungGen      total 18944K, used 11595K [0x00000000ece80000, 0x00000000ef080000, 0x0000000100000000)
  eden space 18432K, 61% used [0x00000000ece80000,0x00000000ed9a2db0,0x00000000ee080000)
  from space 512K, 37% used [0x00000000ef000000,0x00000000ef030000,0x00000000ef080000)
  to   space 512K, 0% used [0x00000000eef80000,0x00000000eef80000,0x00000000ef000000)
 ParOldGen       total 38912K, used 36503K [0x00000000c6c00000, 0x00000000c9200000, 0x00000000ece80000)
  object space 38912K, 93% used [0x00000000c6c00000,0x00000000c8fa5cc8,0x00000000c9200000)
 PSPermGen       total 26112K, used 26111K [0x00000000bc600000, 0x00000000bdf80000, 0x00000000c6c00000)
  object space 26112K, 99% used [0x00000000bc600000,0x00000000bdf7fc50,0x00000000bdf80000)
GC Heap History (10 events):
Event: 1521,263 GC heap before
{Heap before GC invocations=196 (full 0):
 PSYoungGen      total 18944K, used 18592K [0x00000000ece80000, 0x00000000ef080000, 0x0000000100000000)
  eden space 18432K, 100% used [0x00000000ece80000,0x00000000ee080000,0x00000000ee080000)
  from space 512K, 31% used [0x00000000eef80000,0x00000000eefa8000,0x00000000ef000000)
  to   space 512K, 0% used [0x00000000ef000000,0x00000000ef000000,0x00000000ef080000)
 ParOldGen       total 38912K, used 36231K [0x00000000c6c00000, 0x00000000c9200000, 0x00000000ece80000)
  object space 38912K, 93% used [0x00000000c6c00000,0x00000000c8f61cc8,0x00000000c9200000)
 PSPermGen       total 26112K, used 26107K [0x00000000bc600000, 0x00000000bdf80000, 0x00000000c6c00000)
  object space 26112K, 99% used [0x00000000bc600000,0x00000000bdf7efd0,0x00000000bdf80000)
Event: 1521,265 GC heap after
Heap after GC invocations=196 (full 0):
 PSYoungGen      total 18944K, used 160K [0x00000000ece80000, 0x00000000ef080000, 0x0000000100000000)
  eden space 18432K, 0% used [0x00000000ece80000,0x00000000ece80000,0x00000000ee080000)
  from space 512K, 31% used [0x00000000ef000000,0x00000000ef028000,0x00000000ef080000)
  to   space 512K, 0% used [0x00000000eef80000,0x00000000eef80000,0x00000000ef000000)
 ParOldGen       total 38912K, used 36279K [0x00000000c6c00000, 0x00000000c9200000, 0x00000000ece80000)
  object space 38912K, 93% used [0x00000000c6c00000,0x00000000c8f6dcc8,0x00000000c9200000)
 PSPermGen       total 26112K, used 26107K [0x00000000bc600000, 0x00000000bdf80000, 0x00000000c6c00000)
  object space 26112K, 99% used [0x00000000bc600000,0x00000000bdf7efd0,0x00000000bdf80000)
}
Event: 1526,268 GC heap before
{Heap before GC invocations=197 (full 0):
 PSYoungGen      total 18944K, used 18592K [0x00000000ece80000, 0x00000000ef080000, 0x0000000100000000)
  eden space 18432K, 100% used [0x00000000ece80000,0x00000000ee080000,0x00000000ee080000)
  from space 512K, 31% used [0x00000000ef000000,0x00000000ef028000,0x00000000ef080000)
  to   space 512K, 0% used [0x00000000eef80000,0x00000000eef80000,0x00000000ef000000)
 ParOldGen       total 38912K, used 36279K [0x00000000c6c00000, 0x00000000c9200000, 0x00000000ece80000)
  object space 38912K, 93% used [0x00000000c6c00000,0x00000000c8f6dcc8,0x00000000c9200000)
 PSPermGen       total 26112K, used 26107K [0x00000000bc600000, 0x00000000bdf80000, 0x00000000c6c00000)
  object space 26112K, 99% used [0x00000000bc600000,0x00000000bdf7efd0,0x00000000bdf80000)
Event: 1526,279 GC heap after
Heap after GC invocations=197 (full 0):
 PSYoungGen      total 18944K, used 192K [0x00000000ece80000, 0x00000000ef080000, 0x0000000100000000)
  eden space 18432K, 0% used [0x00000000ece80000,0x00000000ece80000,0x00000000ee080000)
  from space 512K, 37% used [0x00000000eef80000,0x00000000eefb0000,0x00000000ef000000)
  to   space 512K, 0% used [0x00000000ef000000,0x00000000ef000000,0x00000000ef080000)
 ParOldGen       total 38912K, used 36327K [0x00000000c6c00000, 0x00000000c9200000, 0x00000000ece80000)
  object space 38912K, 93% used [0x00000000c6c00000,0x00000000c8f79cc8,0x00000000c9200000)
 PSPermGen       total 26112K, used 26107K [0x00000000bc600000, 0x00000000bdf80000, 0x00000000c6c00000)
  object space 26112K, 99% used [0x00000000bc600000,0x00000000bdf7efd0,0x00000000bdf80000)
}
Event: 1531,222 GC heap before
{Heap before GC invocations=198 (full 0):
 PSYoungGen      total 18944K, used 18624K [0x00000000ece80000, 0x00000000ef080000, 0x0000000100000000)
  eden space 18432K, 100% used [0x00000000ece80000,0x00000000ee080000,0x00000000ee080000)
  from space 512K, 37% used [0x00000000eef80000,0x00000000eefb0000,0x00000000ef000000)
  to   space 512K, 0% used [0x00000000ef000000,0x00000000ef000000,0x00000000ef080000)
 ParOldGen       total 38912K, used 36327K [0x00000000c6c00000, 0x00000000c9200000, 0x00000000ece80000)
  object space 38912K, 93% used [0x00000000c6c00000,0x00000000c8f79cc8,0x00000000c9200000)
 PSPermGen       total 26112K, used 26107K [0x00000000bc600000, 0x00000000bdf80000, 0x00000000c6c00000)
  object space 26112K, 99% used [0x00000000bc600000,0x00000000bdf7efd0,0x00000000bdf80000)
Event: 1531,227 GC heap after
Heap after GC invocations=198 (full 0):
 PSYoungGen      total 18944K, used 160K [0x00000000ece80000, 0x00000000ef080000, 0x0000000100000000)
  eden space 18432K, 0% used [0x00000000ece80000,0x00000000ece80000,0x00000000ee080000)
  from space 512K, 31% used [0x00000000ef000000,0x00000000ef028000,0x00000000ef080000)
  to   space 512K, 0% used [0x00000000eef80000,0x00000000eef80000,0x00000000ef000000)
 ParOldGen       total 38912K, used 36375K [0x00000000c6c00000, 0x00000000c9200000, 0x00000000ece80000)
  object space 38912K, 93% used [0x00000000c6c00000,0x00000000c8f85cc8,0x00000000c9200000)
 PSPermGen       total 26112K, used 26107K [0x00000000bc600000, 0x00000000bdf80000, 0x00000000c6c00000)
  object space 26112K, 99% used [0x00000000bc600000,0x00000000bdf7efd0,0x00000000bdf80000)
}
Event: 1536,038 GC heap before
{Heap before GC invocations=199 (full 0):
 PSYoungGen      total 18944K, used 18592K [0x00000000ece80000, 0x00000000ef080000, 0x0000000100000000)
  eden space 18432K, 100% used [0x00000000ece80000,0x00000000ee080000,0x00000000ee080000)
  from space 512K, 31% used [0x00000000ef000000,0x00000000ef028000,0x00000000ef080000)
  to   space 512K, 0% used [0x00000000eef80000,0x00000000eef80000,0x00000000ef000000)
 ParOldGen       total 38912K, used 36375K [0x00000000c6c00000, 0x00000000c9200000, 0x00000000ece80000)
  object space 38912K, 93% used [0x00000000c6c00000,0x00000000c8f85cc8,0x00000000c9200000)
 PSPermGen       total 26112K, used 26107K [0x00000000bc600000, 0x00000000bdf80000, 0x00000000c6c00000)
  object space 26112K, 99% used [0x00000000bc600000,0x00000000bdf7efd0,0x00000000bdf80000)
Event: 1536,041 GC heap after
Heap after GC invocations=199 (full 0):
 PSYoungGen      total 18944K, used 192K [0x00000000ece80000, 0x00000000ef080000, 0x0000000100000000)
  eden space 18432K, 0% used [0x00000000ece80000,0x00000000ece80000,0x00000000ee080000)
  from space 512K, 37% used [0x00000000eef80000,0x00000000eefb0000,0x00000000ef000000)
  to   space 512K, 0% used [0x00000000ef000000,0x00000000ef000000,0x00000000ef080000)
 ParOldGen       total 38912K, used 36447K [0x00000000c6c00000, 0x00000000c9200000, 0x00000000ece80000)
  object space 38912K, 93% used [0x00000000c6c00000,0x00000000c8f97cc8,0x00000000c9200000)
 PSPermGen       total 26112K, used 26107K [0x00000000bc600000, 0x00000000bdf80000, 0x00000000c6c00000)
  object space 26112K, 99% used [0x00000000bc600000,0x00000000bdf7efd0,0x00000000bdf80000)
}
Event: 1541,009 GC heap before
{Heap before GC invocations=200 (full 0):
 PSYoungGen      total 18944K, used 18624K [0x00000000ece80000, 0x00000000ef080000, 0x0000000100000000)
  eden space 18432K, 100% used [0x00000000ece80000,0x00000000ee080000,0x00000000ee080000)
  from space 512K, 37% used [0x00000000eef80000,0x00000000eefb0000,0x00000000ef000000)
  to   space 512K, 0% used [0x00000000ef000000,0x00000000ef000000,0x00000000ef080000)
 ParOldGen       total 38912K, used 36447K [0x00000000c6c00000, 0x00000000c9200000, 0x00000000ece80000)
  object space 38912K, 93% used [0x00000000c6c00000,0x00000000c8f97cc8,0x00000000c9200000)
 PSPermGen       total 26112K, used 26107K [0x00000000bc600000, 0x00000000bdf80000, 0x00000000c6c00000)
  object space 26112K, 99% used [0x00000000bc600000,0x00000000bdf7efd0,0x00000000bdf80000)
Event: 1541,013 GC heap after
Heap after GC invocations=200 (full 0):
 PSYoungGen      total 18944K, used 192K [0x00000000ece80000, 0x00000000ef080000, 0x0000000100000000)
  eden space 18432K, 0% used [0x00000000ece80000,0x00000000ece80000,0x00000000ee080000)
  from space 512K, 37% used [0x00000000ef000000,0x00000000ef030000,0x00000000ef080000)
  to   space 512K, 0% used [0x00000000eef80000,0x00000000eef80000,0x00000000ef000000)
 ParOldGen       total 38912K, used 36503K [0x00000000c6c00000, 0x00000000c9200000, 0x00000000ece80000)
  object space 38912K, 93% used [0x00000000c6c00000,0x00000000c8fa5cc8,0x00000000c9200000)
 PSPermGen       total 26112K, used 26107K [0x00000000bc600000, 0x00000000bdf80000, 0x00000000c6c00000)
  object space 26112K, 99% used [0x00000000bc600000,0x00000000bdf7efd0,0x00000000bdf80000)
}

