# JRE version: OpenJDK Runtime Environment (7.0_75-b13) (build 1.7.0_75-b13)
# Java VM: OpenJDK 64-Bit Server VM (24.75-b04 mixed mode linux-amd64 compressed oops)
Heap
 PSYoungGen      total 18944K, used 9168K [0x00000000ece80000, 0x00000000ee200000, 0x0000000100000000)
  eden space 18432K, 49% used [0x00000000ece80000,0x00000000ed754240,0x00000000ee080000)
  from space 512K, 25% used [0x00000000ee180000,0x00000000ee1a0000,0x00000000ee200000)
  to   space 512K, 0% used [0x00000000ee100000,0x00000000ee100000,0x00000000ee180000)
 ParOldGen       total 22528K, used 19436K [0x00000000c6c00000, 0x00000000c8200000, 0x00000000ece80000)
  object space 22528K, 86% used [0x00000000c6c00000,0x00000000c7efb020,0x00000000c8200000)
 PSPermGen       total 54784K, used 26254K [0x00000000bc600000, 0x00000000bfb80000, 0x00000000c6c00000)
  object space 54784K, 47% used [0x00000000bc600000,0x00000000bdfa3a70,0x00000000bfb80000)
GC Heap History (10 events):
Event: 7015,397 GC heap before
{Heap before GC invocations=1154 (full 4):
 PSYoungGen      total 18944K, used 18592K [0x00000000ece80000, 0x00000000ee200000, 0x0000000100000000)
  eden space 18432K, 100% used [0x00000000ece80000,0x00000000ee080000,0x00000000ee080000)
  from space 512K, 31% used [0x00000000ee100000,0x00000000ee128000,0x00000000ee180000)
  to   space 512K, 0% used [0x00000000ee180000,0x00000000ee180000,0x00000000ee200000)
 ParOldGen       total 22528K, used 19132K [0x00000000c6c00000, 0x00000000c8200000, 0x00000000ece80000)
  object space 22528K, 84% used [0x00000000c6c00000,0x00000000c7eaf180,0x00000000c8200000)
 PSPermGen       total 54784K, used 26251K [0x00000000bc600000, 0x00000000bfb80000, 0x00000000c6c00000)
  object space 54784K, 47% used [0x00000000bc600000,0x00000000bdfa2e10,0x00000000bfb80000)
Event: 7015,401 GC heap after
Heap after GC invocations=1154 (full 4):
 PSYoungGen      total 18944K, used 192K [0x00000000ece80000, 0x00000000ee200000, 0x0000000100000000)
  eden space 18432K, 0% used [0x00000000ece80000,0x00000000ece80000,0x00000000ee080000)
  from space 512K, 37% used [0x00000000ee180000,0x00000000ee1b0000,0x00000000ee200000)
  to   space 512K, 0% used [0x00000000ee100000,0x00000000ee100000,0x00000000ee180000)
 ParOldGen       total 22528K, used 19188K [0x00000000c6c00000, 0x00000000c8200000, 0x00000000ece80000)
  object space 22528K, 85% used [0x00000000c6c00000,0x00000000c7ebd180,0x00000000c8200000)
 PSPermGen       total 54784K, used 26251K [0x00000000bc600000, 0x00000000bfb80000, 0x00000000c6c00000)
  object space 54784K, 47% used [0x00000000bc600000,0x00000000bdfa2e10,0x00000000bfb80000)
}
Event: 7020,408 GC heap before
{Heap before GC invocations=1155 (full 4):
 PSYoungGen      total 18944K, used 18624K [0x00000000ece80000, 0x00000000ee200000, 0x0000000100000000)
  eden space 18432K, 100% used [0x00000000ece80000,0x00000000ee080000,0x00000000ee080000)
  from space 512K, 37% used [0x00000000ee180000,0x00000000ee1b0000,0x00000000ee200000)
  to   space 512K, 0% used [0x00000000ee100000,0x00000000ee100000,0x00000000ee180000)
 ParOldGen       total 22528K, used 19188K [0x00000000c6c00000, 0x00000000c8200000, 0x00000000ece80000)
  object space 22528K, 85% used [0x00000000c6c00000,0x00000000c7ebd180,0x00000000c8200000)
 PSPermGen       total 54784K, used 26251K [0x00000000bc600000, 0x00000000bfb80000, 0x00000000c6c00000)
  object space 54784K, 47% used [0x00000000bc600000,0x00000000bdfa2e10,0x00000000bfb80000)
Event: 7020,410 GC heap after
Heap after GC invocations=1155 (full 4):
 PSYoungGen      total 18944K, used 224K [0x00000000ece80000, 0x00000000ee200000, 0x0000000100000000)
  eden space 18432K, 0% used [0x00000000ece80000,0x00000000ece80000,0x00000000ee080000)
  from space 512K, 43% used [0x00000000ee100000,0x00000000ee138000,0x00000000ee180000)
  to   space 512K, 0% used [0x00000000ee180000,0x00000000ee180000,0x00000000ee200000)
 ParOldGen       total 22528K, used 19244K [0x00000000c6c00000, 0x00000000c8200000, 0x00000000ece80000)
  object space 22528K, 85% used [0x00000000c6c00000,0x00000000c7ecb180,0x00000000c8200000)
 PSPermGen       total 54784K, used 26251K [0x00000000bc600000, 0x00000000bfb80000, 0x00000000c6c00000)
  object space 54784K, 47% used [0x00000000bc600000,0x00000000bdfa2e10,0x00000000bfb80000)
}
Event: 7025,350 GC heap before
{Heap before GC invocations=1156 (full 4):
 PSYoungGen      total 18944K, used 18656K [0x00000000ece80000, 0x00000000ee200000, 0x0000000100000000)
  eden space 18432K, 100% used [0x00000000ece80000,0x00000000ee080000,0x00000000ee080000)
  from space 512K, 43% used [0x00000000ee100000,0x00000000ee138000,0x00000000ee180000)
  to   space 512K, 0% used [0x00000000ee180000,0x00000000ee180000,0x00000000ee200000)
 ParOldGen       total 22528K, used 19244K [0x00000000c6c00000, 0x00000000c8200000, 0x00000000ece80000)
  object space 22528K, 85% used [0x00000000c6c00000,0x00000000c7ecb180,0x00000000c8200000)
 PSPermGen       total 54784K, used 26251K [0x00000000bc600000, 0x00000000bfb80000, 0x00000000c6c00000)
  object space 54784K, 47% used [0x00000000bc600000,0x00000000bdfa2e10,0x00000000bfb80000)
Event: 7025,355 GC heap after
Heap after GC invocations=1156 (full 4):
 PSYoungGen      total 18944K, used 160K [0x00000000ece80000, 0x00000000ee200000, 0x0000000100000000)
  eden space 18432K, 0% used [0x00000000ece80000,0x00000000ece80000,0x00000000ee080000)
  from space 512K, 31% used [0x00000000ee180000,0x00000000ee1a8000,0x00000000ee200000)
  to   space 512K, 0% used [0x00000000ee100000,0x00000000ee100000,0x00000000ee180000)
 ParOldGen       total 22528K, used 19324K [0x00000000c6c00000, 0x00000000c8200000, 0x00000000ece80000)
  object space 22528K, 85% used [0x00000000c6c00000,0x00000000c7edf020,0x00000000c8200000)
 PSPermGen       total 54784K, used 26251K [0x00000000bc600000, 0x00000000bfb80000, 0x00000000c6c00000)
  object space 54784K, 47% used [0x00000000bc600000,0x00000000bdfa2e10,0x00000000bfb80000)
}
Event: 7030,368 GC heap before
{Heap before GC invocations=1157 (full 4):
 PSYoungGen      total 18944K, used 18592K [0x00000000ece80000, 0x00000000ee200000, 0x0000000100000000)
  eden space 18432K, 100% used [0x00000000ece80000,0x00000000ee080000,0x00000000ee080000)
  from space 512K, 31% used [0x00000000ee180000,0x00000000ee1a8000,0x00000000ee200000)
  to   space 512K, 0% used [0x00000000ee100000,0x00000000ee100000,0x00000000ee180000)
 ParOldGen       total 22528K, used 19324K [0x00000000c6c00000, 0x00000000c8200000, 0x00000000ece80000)
  object space 22528K, 85% used [0x00000000c6c00000,0x00000000c7edf020,0x00000000c8200000)
 PSPermGen       total 54784K, used 26251K [0x00000000bc600000, 0x00000000bfb80000, 0x00000000c6c00000)
  object space 54784K, 47% used [0x00000000bc600000,0x00000000bdfa2e10,0x00000000bfb80000)
Event: 7030,370 GC heap after
Heap after GC invocations=1157 (full 4):
 PSYoungGen      total 18944K, used 160K [0x00000000ece80000, 0x00000000ee200000, 0x0000000100000000)
  eden space 18432K, 0% used [0x00000000ece80000,0x00000000ece80000,0x00000000ee080000)
  from space 512K, 31% used [0x00000000ee100000,0x00000000ee128000,0x00000000ee180000)
  to   space 512K, 0% used [0x00000000ee180000,0x00000000ee180000,0x00000000ee200000)
 ParOldGen       total 22528K, used 19380K [0x00000000c6c00000, 0x00000000c8200000, 0x00000000ece80000)
  object space 22528K, 86% used [0x00000000c6c00000,0x00000000c7eed020,0x00000000c8200000)
 PSPermGen       total 54784K, used 26251K [0x00000000bc600000, 0x00000000bfb80000, 0x00000000c6c00000)
  object space 54784K, 47% used [0x00000000bc600000,0x00000000bdfa2e10,0x00000000bfb80000)
}
Event: 7035,403 GC heap before
{Heap before GC invocations=1158 (full 4):
 PSYoungGen      total 18944K, used 18592K [0x00000000ece80000, 0x00000000ee200000, 0x0000000100000000)
  eden space 18432K, 100% used [0x00000000ece80000,0x00000000ee080000,0x00000000ee080000)
  from space 512K, 31% used [0x00000000ee100000,0x00000000ee128000,0x00000000ee180000)
  to   space 512K, 0% used [0x00000000ee180000,0x00000000ee180000,0x00000000ee200000)
 ParOldGen       total 22528K, used 19380K [0x00000000c6c00000, 0x00000000c8200000, 0x00000000ece80000)
  object space 22528K, 86% used [0x00000000c6c00000,0x00000000c7eed020,0x00000000c8200000)
 PSPermGen       total 54784K, used 26251K [0x00000000bc600000, 0x00000000bfb80000, 0x00000000c6c00000)
  object space 54784K, 47% used [0x00000000bc600000,0x00000000bdfa2e10,0x00000000bfb80000)
Event: 7035,405 GC heap after
Heap after GC invocations=1158 (full 4):
 PSYoungGen      total 18944K, used 128K [0x00000000ece80000, 0x00000000ee200000, 0x0000000100000000)
  eden space 18432K, 0% used [0x00000000ece80000,0x00000000ece80000,0x00000000ee080000)
  from space 512K, 25% used [0x00000000ee180000,0x00000000ee1a0000,0x00000000ee200000)
  to   space 512K, 0% used [0x00000000ee100000,0x00000000ee100000,0x00000000ee180000)
 ParOldGen       total 22528K, used 19436K [0x00000000c6c00000, 0x00000000c8200000, 0x00000000ece80000)
  object space 22528K, 86% used [0x00000000c6c00000,0x00000000c7efb020,0x00000000c8200000)
 PSPermGen       total 54784K, used 26251K [0x00000000bc600000, 0x00000000bfb80000, 0x00000000c6c00000)
  object space 54784K, 47% used [0x00000000bc600000,0x00000000bdfa2e10,0x00000000bfb80000)
}

